Amiga-BStruct
Amiga-MicroKnight
Amiga-MoSoul
Amiga-PotNoodle
Amiga-Topaz
Amiga-TopazPlus
Atari-Arabic
Atari-Graphics
Atari-International
C128-Lower
C128-Upper
C64-Lower
C64-Upper
CP437
CP737
CP775
CP850
CP852
CP855
CP857
CP860
CP861
CP862
CP863
CP865
CP866
CP869
RIP
SyncTerm-0
SyncTerm-1
SyncTerm-10
SyncTerm-11
SyncTerm-12
SyncTerm-13
SyncTerm-14
SyncTerm-15
SyncTerm-16
SyncTerm-17
SyncTerm-18
SyncTerm-19
SyncTerm-2
SyncTerm-20
SyncTerm-21
SyncTerm-22
SyncTerm-23
SyncTerm-24
SyncTerm-25
SyncTerm-26
SyncTerm-27
SyncTerm-28
SyncTerm-29
SyncTerm-3
SyncTerm-30
SyncTerm-31
SyncTerm-32
SyncTerm-33
SyncTerm-34
SyncTerm-35
SyncTerm-36
SyncTerm-37
SyncTerm-38
SyncTerm-39
SyncTerm-4
SyncTerm-40
SyncTerm-5
SyncTerm-6
SyncTerm-7
SyncTerm-8
SyncTerm-9
